Info: Starting: Create block symbol file (.bsf)
Info: qsys-generate C:\Users\Etudiant\Documents\Lamine\SOPC\HELLOWORLD.qsys --block-symbol-file --output-directory=C:\Users\Etudiant\Documents\Lamine\SOPC\HELLOWORLD --family="Cyclone V" --part=5CEBA2F17C6
Progress: Loading SOPC/HELLOWORLD.qsys
Progress: Reading input file
Progress: Adding clk_0 [clock_source 18.1]
Progress: Parameterizing module clk_0
Progress: Adding cpu_0 [altera_nios2_gen2 18.1]
Progress: Parameterizing module cpu_0
Progress: Adding jtag_uart_0 [altera_avalon_jtag_uart 18.1]
Progress: Parameterizing module jtag_uart_0
Progress: Adding ram [altera_avalon_onchip_memory2 18.1]
Progress: Parameterizing module ram
Progress: Building connections
Progress: Parameterizing connections
Progress: Validating
Progress: Done reading input file
Info: HELLOWORLD.jtag_uart_0: JTAG UART IP input clock need to be at least double (2x) the operating frequency of JTAG TCK on board
Info: qsys-generate succeeded.
Info: Finished: Create block symbol file (.bsf)
Info: 
Info: Starting: Create HDL design files for synthesis
Info: qsys-generate C:\Users\Etudiant\Documents\Lamine\SOPC\HELLOWORLD.qsys --synthesis=VHDL --output-directory=C:\Users\Etudiant\Documents\Lamine\SOPC\HELLOWORLD\synthesis --family="Cyclone V" --part=5CEBA2F17C6
Progress: Loading SOPC/HELLOWORLD.qsys
Progress: Reading input file
Progress: Adding clk_0 [clock_source 18.1]
Progress: Parameterizing module clk_0
Progress: Adding cpu_0 [altera_nios2_gen2 18.1]
Progress: Parameterizing module cpu_0
Progress: Adding jtag_uart_0 [altera_avalon_jtag_uart 18.1]
Progress: Parameterizing module jtag_uart_0
Progress: Adding ram [altera_avalon_onchip_memory2 18.1]
Progress: Parameterizing module ram
Progress: Building connections
Progress: Parameterizing connections
Progress: Validating
Progress: Done reading input file
Info: HELLOWORLD.jtag_uart_0: JTAG UART IP input clock need to be at least double (2x) the operating frequency of JTAG TCK on board
Info: HELLOWORLD: Generating HELLOWORLD "HELLOWORLD" for QUARTUS_SYNTH
Info: cpu_0: "HELLOWORLD" instantiated altera_nios2_gen2 "cpu_0"
Info: jtag_uart_0: Starting RTL generation for module 'HELLOWORLD_jtag_uart_0'
Info: jtag_uart_0:   Generation command is [exec C:/intelfpga_lite/18.1/quartus/bin64/perl/bin/perl.exe -I C:/intelfpga_lite/18.1/quartus/bin64/perl/lib -I C:/intelfpga_lite/18.1/quartus/sopc_builder/bin/europa -I C:/intelfpga_lite/18.1/quartus/sopc_builder/bin/perl_lib -I C:/intelfpga_lite/18.1/quartus/sopc_builder/bin -I C:/intelfpga_lite/18.1/quartus/../ip/altera/sopc_builder_ip/common -I C:/intelfpga_lite/18.1/quartus/../ip/altera/sopc_builder_ip/altera_avalon_jtag_uart -- C:/intelfpga_lite/18.1/quartus/../ip/altera/sopc_builder_ip/altera_avalon_jtag_uart/generate_rtl.pl --name=HELLOWORLD_jtag_uart_0 --dir=C:/Users/Etudiant/AppData/Local/Temp/alt9269_5561453567448682012.dir/0036_jtag_uart_0_gen/ --quartus_dir=C:/intelfpga_lite/18.1/quartus --verilog --config=C:/Users/Etudiant/AppData/Local/Temp/alt9269_5561453567448682012.dir/0036_jtag_uart_0_gen//HELLOWORLD_jtag_uart_0_component_configuration.pl  --do_build_sim=0  ]
Info: jtag_uart_0: Done RTL generation for module 'HELLOWORLD_jtag_uart_0'
Info: jtag_uart_0: "HELLOWORLD" instantiated altera_avalon_jtag_uart "jtag_uart_0"
Info: ram: Starting RTL generation for module 'HELLOWORLD_ram'
Info: ram:   Generation command is [exec C:/intelfpga_lite/18.1/quartus/bin64/perl/bin/perl.exe -I C:/intelfpga_lite/18.1/quartus/bin64/perl/lib -I C:/intelfpga_lite/18.1/quartus/sopc_builder/bin/europa -I C:/intelfpga_lite/18.1/quartus/sopc_builder/bin/perl_lib -I C:/intelfpga_lite/18.1/quartus/sopc_builder/bin -I C:/intelfpga_lite/18.1/quartus/../ip/altera/sopc_builder_ip/common -I C:/intelfpga_lite/18.1/quartus/../ip/altera/sopc_builder_ip/altera_avalon_onchip_memory2 -- C:/intelfpga_lite/18.1/quartus/../ip/altera/sopc_builder_ip/altera_avalon_onchip_memory2/generate_rtl.pl --name=HELLOWORLD_ram --dir=C:/Users/Etudiant/AppData/Local/Temp/alt9269_5561453567448682012.dir/0037_ram_gen/ --quartus_dir=C:/intelfpga_lite/18.1/quartus --verilog --config=C:/Users/Etudiant/AppData/Local/Temp/alt9269_5561453567448682012.dir/0037_ram_gen//HELLOWORLD_ram_component_configuration.pl  --do_build_sim=0  ]
Info: ram: Done RTL generation for module 'HELLOWORLD_ram'
Info: ram: "HELLOWORLD" instantiated altera_avalon_onchip_memory2 "ram"
Info: avalon_st_adapter: Inserting error_adapter: error_adapter_0
Info: avalon_st_adapter_001: Inserting error_adapter: error_adapter_0
Info: avalon_st_adapter_002: Inserting error_adapter: error_adapter_0
Info: mm_interconnect_0: "HELLOWORLD" instantiated altera_mm_interconnect "mm_interconnect_0"
Info: irq_mapper: "HELLOWORLD" instantiated altera_irq_mapper "irq_mapper"
Info: rst_controller: "HELLOWORLD" instantiated altera_reset_controller "rst_controller"
Info: cpu: Starting RTL generation for module 'HELLOWORLD_cpu_0_cpu'
Info: cpu:   Generation command is [exec C:/intelFPGA_lite/18.1/quartus/bin64//eperlcmd.exe -I C:/intelFPGA_lite/18.1/quartus/bin64//perl/lib -I C:/intelfpga_lite/18.1/quartus/sopc_builder/bin/europa -I C:/intelfpga_lite/18.1/quartus/sopc_builder/bin/perl_lib -I C:/intelfpga_lite/18.1/quartus/sopc_builder/bin -I C:/intelfpga_lite/18.1/quartus/../ip/altera/nios2_ip/altera_nios2_gen2/cpu_lib -I C:/intelfpga_lite/18.1/quartus/../ip/altera/nios2_ip/altera_nios2_gen2/nios_lib -I C:/intelfpga_lite/18.1/quartus/../ip/altera/nios2_ip/altera_nios2_gen2 -I C:/intelfpga_lite/18.1/quartus/../ip/altera/nios2_ip/altera_nios2_gen2 -- C:/intelfpga_lite/18.1/quartus/../ip/altera/nios2_ip/altera_nios2_gen2/generate_rtl.epl --name=HELLOWORLD_cpu_0_cpu --dir=C:/Users/Etudiant/AppData/Local/Temp/alt9269_5561453567448682012.dir/0040_cpu_gen/ --quartus_bindir=C:/intelFPGA_lite/18.1/quartus/bin64/ --verilog --config=C:/Users/Etudiant/AppData/Local/Temp/alt9269_5561453567448682012.dir/0040_cpu_gen//HELLOWORLD_cpu_0_cpu_processor_configuration.pl  --do_build_sim=0  ]
Info: cpu: # 2022.10.04 22:45:19 (*) Starting Nios II generation
Info: cpu: # 2022.10.04 22:45:19 (*)   Checking for plaintext license.
Info: cpu: # 2022.10.04 22:45:19 (*)   Couldn't query license setup in Quartus directory C:/intelFPGA_lite/18.1/quartus/bin64/
Info: cpu: # 2022.10.04 22:45:19 (*)   Defaulting to contents of LM_LICENSE_FILE environment variable
Info: cpu: # 2022.10.04 22:45:19 (*)   LM_LICENSE_FILE environment variable is empty
Info: cpu: # 2022.10.04 22:45:19 (*)   Plaintext license not found.
Info: cpu: # 2022.10.04 22:45:19 (*)   No license required to generate encrypted Nios II/e.
Info: cpu: # 2022.10.04 22:45:19 (*)   Elaborating CPU configuration settings
Info: cpu: # 2022.10.04 22:45:19 (*)   Creating all objects for CPU
Info: cpu: # 2022.10.04 22:45:20 (*)   Generating RTL from CPU objects
Info: cpu: # 2022.10.04 22:45:20 (*)   Creating plain-text RTL
Info: cpu: # 2022.10.04 22:45:20 (*) Done Nios II generation
Info: cpu: Done RTL generation for module 'HELLOWORLD_cpu_0_cpu'
Info: cpu: "cpu_0" instantiated altera_nios2_gen2_unit "cpu"
Info: cpu_0_data_master_translator: "mm_interconnect_0" instantiated altera_merlin_master_translator "cpu_0_data_master_translator"
Info: jtag_uart_0_avalon_jtag_slave_translator: "mm_interconnect_0" instantiated altera_merlin_slave_translator "jtag_uart_0_avalon_jtag_slave_translator"
Info: cpu_0_data_master_agent: "mm_interconnect_0" instantiated altera_merlin_master_agent "cpu_0_data_master_agent"
Info: jtag_uart_0_avalon_jtag_slave_agent: "mm_interconnect_0" instantiated altera_merlin_slave_agent "jtag_uart_0_avalon_jtag_slave_agent"
Info: jtag_uart_0_avalon_jtag_slave_agent_rsp_fifo: "mm_interconnect_0" instantiated altera_avalon_sc_fifo "jtag_uart_0_avalon_jtag_slave_agent_rsp_fifo"
Info: router: "mm_interconnect_0" instantiated altera_merlin_router "router"
Info: router_002: "mm_interconnect_0" instantiated altera_merlin_router "router_002"
Info: cmd_demux: "mm_interconnect_0" instantiated altera_merlin_demultiplexer "cmd_demux"
Info: cmd_mux: "mm_interconnect_0" instantiated altera_merlin_multiplexer "cmd_mux"
Info: rsp_demux: "mm_interconnect_0" instantiated altera_merlin_demultiplexer "rsp_demux"
Info: rsp_mux: "mm_interconnect_0" instantiated altera_merlin_multiplexer "rsp_mux"
Info: Reusing file C:/Users/Etudiant/Documents/Lamine/SOPC/HELLOWORLD/synthesis/submodules/altera_merlin_arbitrator.sv
Info: avalon_st_adapter: "mm_interconnect_0" instantiated altera_avalon_st_adapter "avalon_st_adapter"
Info: error_adapter_0: "avalon_st_adapter" instantiated error_adapter "error_adapter_0"
Info: HELLOWORLD: Done "HELLOWORLD" with 21 modules, 34 files
Info: qsys-generate succeeded.
Info: Finished: Create HDL design files for synthesis
